c:\users\simon\desktop\fh\sem5\ba1\repos\cubesimulation\cubesimulation\x64\release\vc141.pdb
c:\users\simon\desktop\fh\sem5\ba1\repos\cubesimulation\cubesimulation\x64\release\cubesimulation.obj
c:\users\simon\desktop\fh\sem5\ba1\repos\cubesimulation\cubesimulation\x64\release\algorithmembedded.obj
c:\users\simon\desktop\fh\sem5\ba1\repos\cubesimulation\cubesimulation\x64\release\cubesimulation.pch
c:\users\simon\desktop\fh\sem5\ba1\repos\cubesimulation\cubesimulation\x64\release\stdafx.obj
c:\users\simon\desktop\fh\sem5\ba1\repos\cubesimulation\cubesimulation\x64\release\solve.obj
c:\users\simon\desktop\fh\sem5\ba1\repos\cubesimulation\cubesimulation\x64\release\search.obj
c:\users\simon\desktop\fh\sem5\ba1\repos\cubesimulation\cubesimulation\x64\release\prunetable_helpers.obj
c:\users\simon\desktop\fh\sem5\ba1\repos\cubesimulation\cubesimulation\x64\release\facecube.obj
c:\users\simon\desktop\fh\sem5\ba1\repos\cubesimulation\cubesimulation\x64\release\cubiecube.obj
c:\users\simon\desktop\fh\sem5\ba1\repos\cubesimulation\cubesimulation\x64\release\coordcube.obj
c:\users\simon\desktop\fh\sem5\ba1\repos\cubesimulation\cubesimulation\x64\release\cubetriplet.obj
c:\users\simon\desktop\fh\sem5\ba1\repos\cubesimulation\cubesimulation\x64\release\cubeslice.obj
c:\users\simon\desktop\fh\sem5\ba1\repos\cubesimulation\cubesimulation\x64\release\cubeface.obj
c:\users\simon\desktop\fh\sem5\ba1\repos\cubesimulation\cubesimulation\x64\release\cube.obj
c:\users\simon\desktop\fh\sem5\ba1\repos\cubesimulation\cubesimulation\x64\release\pch.obj
c:\users\simon\desktop\fh\sem5\ba1\repos\cubesimulation\x64\release\cubesimulation.ipdb
c:\users\simon\desktop\fh\sem5\ba1\repos\cubesimulation\x64\release\cubesimulation.iobj
c:\users\simon\desktop\fh\sem5\ba1\repos\cubesimulation\x64\release\cubesimulation.exe
c:\users\simon\desktop\fh\sem5\ba1\repos\cubesimulation\x64\release\cubesimulation.pdb
c:\users\simon\desktop\fh\sem5\ba1\repos\cubesimulation\cubesimulation\x64\release\cubesimulation.tlog\cl.command.1.tlog
c:\users\simon\desktop\fh\sem5\ba1\repos\cubesimulation\cubesimulation\x64\release\cubesimulation.tlog\cl.read.1.tlog
c:\users\simon\desktop\fh\sem5\ba1\repos\cubesimulation\cubesimulation\x64\release\cubesimulation.tlog\cl.write.1.tlog
c:\users\simon\desktop\fh\sem5\ba1\repos\cubesimulation\cubesimulation\x64\release\cubesimulation.tlog\cubesimulation.write.1u.tlog
c:\users\simon\desktop\fh\sem5\ba1\repos\cubesimulation\cubesimulation\x64\release\cubesimulation.tlog\link.command.1.tlog
c:\users\simon\desktop\fh\sem5\ba1\repos\cubesimulation\cubesimulation\x64\release\cubesimulation.tlog\link.read.1.tlog
c:\users\simon\desktop\fh\sem5\ba1\repos\cubesimulation\cubesimulation\x64\release\cubesimulation.tlog\link.write.1.tlog
