c:\users\simon\source\repos\cubesimulation\cubesimulation\debug\cubesimulation.pch
c:\users\simon\source\repos\cubesimulation\cubesimulation\debug\vc141.pdb
c:\users\simon\source\repos\cubesimulation\cubesimulation\debug\vc141.idb
c:\users\simon\source\repos\cubesimulation\cubesimulation\debug\stdafx.obj
c:\users\simon\source\repos\cubesimulation\cubesimulation\debug\cubeface.obj
c:\users\simon\source\repos\cubesimulation\cubesimulation\debug\cubetriplet.obj
c:\users\simon\source\repos\cubesimulation\cubesimulation\debug\cubeslice.obj
c:\users\simon\source\repos\cubesimulation\cubesimulation\debug\cubesimulation.obj
c:\users\simon\source\repos\cubesimulation\cubesimulation\debug\cube.obj
c:\users\simon\source\repos\cubesimulation\debug\cubesimulation.exe
c:\users\simon\source\repos\cubesimulation\debug\cubesimulation.ilk
c:\users\simon\source\repos\cubesimulation\debug\cubesimulation.pdb
c:\users\simon\source\repos\cubesimulation\cubesimulation\debug\cube.new.obj.enc
c:\users\simon\source\repos\cubesimulation\cubesimulation\debug\cubeface.obj.enc
c:\users\simon\source\repos\cubesimulation\cubesimulation\debug\cubesimulation.new.obj.enc
c:\users\simon\source\repos\cubesimulation\cubesimulation\debug\cubesimulation.tlog\cl.command.1.tlog
c:\users\simon\source\repos\cubesimulation\cubesimulation\debug\cubesimulation.tlog\cl.read.1.tlog
c:\users\simon\source\repos\cubesimulation\cubesimulation\debug\cubesimulation.tlog\cl.write.1.tlog
c:\users\simon\source\repos\cubesimulation\cubesimulation\debug\cubesimulation.tlog\link.command.1.tlog
c:\users\simon\source\repos\cubesimulation\cubesimulation\debug\cubesimulation.tlog\link.read.1.tlog
c:\users\simon\source\repos\cubesimulation\cubesimulation\debug\cubesimulation.tlog\link.write.1.tlog
